<?xml version="1.0" encoding="UTF-8"?>
<testng-results skipped="0" failed="0" ignored="0" total="1" passed="1">
  <reporter-output>
  </reporter-output>
  <suite name="Default suite" duration-ms="12524" started-at="2020-02-21T00:19:16 CST" finished-at="2020-02-21T00:19:29 CST">
    <groups>
    </groups>
    <test name="Default test" duration-ms="12524" started-at="2020-02-21T00:19:16 CST" finished-at="2020-02-21T00:19:29 CST">
      <class name="test.LoginTest">
        <test-method status="PASS" signature="validUserShouldBeAbleToLogin()[pri:0, instance:test.LoginTest@73d4cc9e]" name="validUserShouldBeAbleToLogin" duration-ms="12404" started-at="2020-02-21T00:19:17 CST" finished-at="2020-02-21T00:19:29 CST">
          <reporter-output>
          </reporter-output>
        </test-method> <!-- validUserShouldBeAbleToLogin -->
      </class> <!-- test.LoginTest -->
    </test> <!-- Default test -->
  </suite> <!-- Default suite -->
</testng-results>
